<?xml version="1.0" encoding="UTF-8"?>
<!-- Generated by org.testng.reporters.JUnitReportReporter -->
<testsuite hostname="DESKTOP-D3FTI2I" failures="0" tests="2" name="testClasses_TestNgClass.testNg_Class" time="9.158" errors="0" timestamp="2023-02-22T22:27:07 IST" skipped="0">
  <testcase classname="testClasses_TestNgClass.testNg_Class" name="test1" time="8.382"/>
  <system-out/>
  <testcase classname="testClasses_TestNgClass.testNg_Class" name="test2" time="0.776"/>
  <system-out/>
</testsuite> <!-- testClasses_TestNgClass.testNg_Class -->
